<?xml version="1.0" encoding="UTF-8"?>
<testsuite name="com.example.demo.DepartureServiceTest" tests="5" skipped="0" failures="0" errors="0" timestamp="2024-04-27T15:35:24" hostname="DESKTOP-UTISV1P" time="3.467">
  <properties/>
  <testcase name="delete()" classname="com.example.demo.DepartureServiceTest" time="2.789"/>
  <testcase name="getAll()" classname="com.example.demo.DepartureServiceTest" time="0.611"/>
  <testcase name="add()" classname="com.example.demo.DepartureServiceTest" time="0.004"/>
  <testcase name="getByDate()" classname="com.example.demo.DepartureServiceTest" time="0.038"/>
  <testcase name="getByName()" classname="com.example.demo.DepartureServiceTest" time="0.014"/>
  <system-out><![CDATA[18:35:27.858 [Test worker] INFO 
                c.e.demo.service.DepartureService – Finding all departures
18:35:27.887 [Test worker] INFO 
                c.e.demo.service.DepartureService – Finding games by departure date Thu Jan 01 03:16:40 MSK 1970
18:35:27.913 [Test worker] INFO 
                c.e.demo.service.DepartureService – Finding games by departure date Thu Jan 01 03:39:05 MSK 1970
18:35:27.928 [Test worker] INFO 
                c.e.demo.service.DepartureService – Finding departure by type type1
18:35:27.929 [Test worker] INFO 
                c.e.demo.service.DepartureService – Finding departure by type type3
]]></system-out>
  <system-err><![CDATA[WARNING: A Java agent has been loaded dynamically (C:\Users\aleks\.gradle\caches\modules-2\files-2.1\net.bytebuddy\byte-buddy-agent\1.14.12\be4984cb6fd1ef1d11f218a648889dfda44b8a15\byte-buddy-agent-1.14.12.jar)
WARNING: If a serviceability tool is in use, please run with -XX:+EnableDynamicAgentLoading to hide this warning
WARNING: If a serviceability tool is not in use, please run with -Djdk.instrument.traceUsage for more information
WARNING: Dynamic loading of agents will be disallowed by default in a future release
]]></system-err>
</testsuite>
